2019-01-22 15:15:58,024 - pythonprojcreator - DEBUG - Start program
2019-01-22 15:16:22,044 - pythonprojcreator - DEBUG - Exit program
2019-01-22 15:17:53,416 - pythonprojcreator - DEBUG - Start program
2019-01-22 15:18:02,167 - pythonprojcreator - DEBUG - Target folder: C:\Users\Felhasználó\Documents\GitHub\Projectrtrtr
2019-01-22 15:18:02,168 - pythonprojcreator - DEBUG - Folder "C:\Users\Felhasználó\Documents\GitHub\Projectrtrtr" created succesfuly
2019-01-22 15:18:02,173 - pythonprojcreator - DEBUG - Tkinter-main file projectrtrtr.py created
2019-01-22 15:18:53,798 - pythonprojcreator - DEBUG - Exit program
2019-01-22 15:19:23,238 - pythonprojcreator - DEBUG - Start program
2019-01-22 15:19:33,646 - pythonprojcreator - DEBUG - Target folder: C:\Users\Felhasználó\Documents\GitHub\Projecttrtrt
2019-01-22 15:19:33,647 - pythonprojcreator - DEBUG - Folder "C:\Users\Felhasználó\Documents\GitHub\Projecttrtrt" created succesfuly
2019-01-22 15:19:33,652 - pythonprojcreator - DEBUG - Tkinter-main file projecttrtrt.py created
2019-01-22 15:20:33,651 - pythonprojcreator - DEBUG - Exit program
2019-01-22 15:22:13,196 - pythonprojcreator - DEBUG - Start program
2019-01-22 15:22:24,258 - pythonprojcreator - DEBUG - Target folder: C:\Users\Felhasználó\Documents\GitHub\Projectqwe
2019-01-22 15:22:24,258 - pythonprojcreator - DEBUG - Folder "C:\Users\Felhasználó\Documents\GitHub\Projectqwe" created succesfuly
2019-01-22 15:22:24,264 - pythonprojcreator - DEBUG - Tkinter-main file projectqwe.py created
2019-01-22 15:22:24,268 - pythonprojcreator - DEBUG - Tkinter-unittest file projectqwe_test.py created
2019-01-22 15:22:24,272 - pythonprojcreator - DEBUG - Tkinter-notes file projectqwe_notes.txt created
2019-01-22 15:23:22,674 - pythonprojcreator - DEBUG - Exit program
2019-01-22 15:30:53,206 - pythonprojcreator - DEBUG - Start program
2019-01-22 15:31:00,048 - pythonprojcreator - DEBUG - Exit program
2019-01-23 06:33:13,679 - pythonprojcreator - DEBUG - Start program
2019-01-23 06:33:24,844 - pythonprojcreator - DEBUG - Target folder: C:\Users\Felhasználó\Documents\GitHub\Projectwwww
2019-01-23 06:33:24,844 - pythonprojcreator - DEBUG - Folder "C:\Users\Felhasználó\Documents\GitHub\Projectwwww" created succesfuly
2019-01-23 06:33:24,860 - pythonprojcreator - DEBUG - Tkinter-main file projectwwww.py created
2019-01-23 06:33:24,860 - pythonprojcreator - DEBUG - Tkinter-unittest file projectwwww_test.py created
2019-01-23 06:33:24,860 - pythonprojcreator - DEBUG - Tkinter-notes file projectwwww_notes.txt created
2019-01-23 06:33:57,002 - pythonprojcreator - DEBUG - Exit program
2019-01-23 06:36:13,481 - pythonprojcreator - DEBUG - Start program
2019-01-23 06:36:21,237 - pythonprojcreator - DEBUG - Target folder: C:\Users\Felhasználó\Documents\GitHub\Projecteee
2019-01-23 06:36:21,237 - pythonprojcreator - DEBUG - Folder "C:\Users\Felhasználó\Documents\GitHub\Projecteee" created succesfuly
2019-01-23 06:36:21,237 - pythonprojcreator - DEBUG - Tkinter-main file projecteee.py created
2019-01-23 06:36:21,253 - pythonprojcreator - DEBUG - Tkinter-unittest file projecteee_test.py created
2019-01-23 06:36:21,253 - pythonprojcreator - DEBUG - Tkinter-notes file projecteee_notes.txt created
2019-01-23 06:37:11,013 - pythonprojcreator - DEBUG - Exit program
2019-01-23 06:37:11,126 - pythonprojcreator - DEBUG - Start program
2019-01-23 06:37:20,318 - pythonprojcreator - DEBUG - Target folder: C:\Users\Felhasználó\Documents\GitHub\Projecteee
2019-01-23 06:37:20,318 - pythonprojcreator - DEBUG - Folder "C:\Users\Felhasználó\Documents\GitHub\Projecteee" already exists
2019-01-23 06:37:20,318 - pythonprojcreator - DEBUG - Tkinter-main file projecteee.py created
2019-01-23 06:37:20,318 - pythonprojcreator - DEBUG - Tkinter-unittest file projecteee_test.py created
2019-01-23 06:37:20,318 - pythonprojcreator - DEBUG - Tkinter-notes file projecteee_notes.txt created
2019-01-23 06:37:33,559 - pythonprojcreator - DEBUG - Exit program
2019-01-23 06:43:35,513 - pythonprojcreator - DEBUG - Start program
2019-01-23 06:43:44,102 - pythonprojcreator - DEBUG - Target folder: C:\Users\Felhasználó\Documents\GitHub\Projecteee
2019-01-23 06:43:44,102 - pythonprojcreator - DEBUG - Folder "C:\Users\Felhasználó\Documents\GitHub\Projecteee" already exists
2019-01-23 06:43:44,118 - pythonprojcreator - DEBUG - Tkinter-main file projecteee.py created
2019-01-23 06:43:44,118 - pythonprojcreator - DEBUG - Tkinter-unittest file projecteee_test.py created
2019-01-23 06:43:44,118 - pythonprojcreator - DEBUG - Tkinter-notes file projecteee_notes.txt created
2019-01-23 06:54:44,696 - pythonprojcreator - DEBUG - Exit program
2019-01-23 07:01:06,073 - pythonprojcreator - DEBUG - Start program
2019-01-23 07:01:12,724 - pythonprojcreator - DEBUG - Target folder: C:\Users\Felhasználó\Documents\GitHub\Projectwww
2019-01-23 07:01:12,724 - pythonprojcreator - DEBUG - Folder "C:\Users\Felhasználó\Documents\GitHub\Projectwww" created succesfuly
2019-01-23 07:01:12,724 - pythonprojcreator - DEBUG - Target folder: C:\Users\Felhasználó\Documents\GitHub\Projectwww\i18n
2019-01-23 07:01:12,724 - pythonprojcreator - DEBUG - Folder "C:\Users\Felhasználó\Documents\GitHub\Projectwww\i18n" created succesfuly
2019-01-23 07:01:12,724 - pythonprojcreator - DEBUG - Target folder: C:\Users\Felhasználó\Documents\GitHub\Projectwww\ui
2019-01-23 07:01:12,724 - pythonprojcreator - DEBUG - Folder "C:\Users\Felhasználó\Documents\GitHub\Projectwww\ui" created succesfuly
2019-01-23 07:01:12,724 - pythonprojcreator - DEBUG - Target folder: C:\Users\Felhasználó\Documents\GitHub\Projectwww\pics
2019-01-23 07:01:12,724 - pythonprojcreator - DEBUG - Folder "C:\Users\Felhasználó\Documents\GitHub\Projectwww\pics" created succesfuly
2019-01-23 07:04:10,782 - pythonprojcreator - DEBUG - Exit program
2019-01-23 07:04:13,914 - pythonprojcreator - DEBUG - Start program
2019-01-23 07:04:19,225 - pythonprojcreator - DEBUG - Target folder: C:\Users\Felhasználó\Documents\GitHub\Projectwww
2019-01-23 07:04:19,240 - pythonprojcreator - DEBUG - Folder "C:\Users\Felhasználó\Documents\GitHub\Projectwww" already exists
2019-01-23 07:04:19,240 - pythonprojcreator - DEBUG - Target folder: C:\Users\Felhasználó\Documents\GitHub\Projectwww\i18n
2019-01-23 07:04:19,240 - pythonprojcreator - DEBUG - Folder "C:\Users\Felhasználó\Documents\GitHub\Projectwww\i18n" already exists
2019-01-23 07:04:19,240 - pythonprojcreator - DEBUG - Target folder: C:\Users\Felhasználó\Documents\GitHub\Projectwww\ui
2019-01-23 07:04:19,240 - pythonprojcreator - DEBUG - Folder "C:\Users\Felhasználó\Documents\GitHub\Projectwww\ui" already exists
2019-01-23 07:04:19,240 - pythonprojcreator - DEBUG - Target folder: C:\Users\Felhasználó\Documents\GitHub\Projectwww\pics
2019-01-23 07:04:19,240 - pythonprojcreator - DEBUG - Folder "C:\Users\Felhasználó\Documents\GitHub\Projectwww\pics" already exists
2019-01-23 07:04:31,618 - pythonprojcreator - DEBUG - Exit program
2019-01-24 05:57:57,859 - pythonprojcreator - DEBUG - Start program
2019-01-24 05:58:06,824 - pythonprojcreator - DEBUG - Target folder: C:\Users\Felhasználó\Documents\GitHub\Projectyy
2019-01-24 05:58:06,824 - pythonprojcreator - DEBUG - Folder "C:\Users\Felhasználó\Documents\GitHub\Projectyy" created succesfuly
2019-01-24 05:58:06,824 - pythonprojcreator - DEBUG - Target folder: C:\Users\Felhasználó\Documents\GitHub\Projectyy\i18n
2019-01-24 05:58:06,824 - pythonprojcreator - DEBUG - Folder "C:\Users\Felhasználó\Documents\GitHub\Projectyy\i18n" created succesfuly
2019-01-24 05:58:06,824 - pythonprojcreator - DEBUG - Target folder: C:\Users\Felhasználó\Documents\GitHub\Projectyy\ui
2019-01-24 05:58:06,824 - pythonprojcreator - DEBUG - Folder "C:\Users\Felhasználó\Documents\GitHub\Projectyy\ui" created succesfuly
2019-01-24 05:58:06,824 - pythonprojcreator - DEBUG - Target folder: C:\Users\Felhasználó\Documents\GitHub\Projectyy\pics
2019-01-24 05:58:06,824 - pythonprojcreator - DEBUG - Folder "C:\Users\Felhasználó\Documents\GitHub\Projectyy\pics" created succesfuly
2019-01-24 05:58:06,824 - pythonprojcreator - DEBUG - Target folder: C:\Users\Felhasználó\Documents\GitHub\Projectyy
2019-01-24 05:58:06,824 - pythonprojcreator - DEBUG - Folder "C:\Users\Felhasználó\Documents\GitHub\Projectyy" already exists
2019-01-24 05:58:06,839 - pythonprojcreator - DEBUG - PyQt-main file projectyy.py created
2019-01-24 05:58:29,657 - pythonprojcreator - DEBUG - Exit program
2019-01-24 06:21:45,916 - pythonprojcreator - DEBUG - Start program
2019-01-24 06:21:52,943 - pythonprojcreator - DEBUG - Target folder: C:\Users\Felhasználó\Documents\GitHub\Projectxxxx
2019-01-24 06:21:52,943 - pythonprojcreator - DEBUG - Folder "C:\Users\Felhasználó\Documents\GitHub\Projectxxxx" created succesfuly
2019-01-24 06:21:52,944 - pythonprojcreator - DEBUG - Target folder: C:\Users\Felhasználó\Documents\GitHub\Projectxxxx\i18n
2019-01-24 06:21:52,944 - pythonprojcreator - DEBUG - Folder "C:\Users\Felhasználó\Documents\GitHub\Projectxxxx\i18n" created succesfuly
2019-01-24 06:21:52,944 - pythonprojcreator - DEBUG - Target folder: C:\Users\Felhasználó\Documents\GitHub\Projectxxxx\ui
2019-01-24 06:21:52,944 - pythonprojcreator - DEBUG - Folder "C:\Users\Felhasználó\Documents\GitHub\Projectxxxx\ui" created succesfuly
2019-01-24 06:21:52,944 - pythonprojcreator - DEBUG - Target folder: C:\Users\Felhasználó\Documents\GitHub\Projectxxxx\pics
2019-01-24 06:21:52,945 - pythonprojcreator - DEBUG - Folder "C:\Users\Felhasználó\Documents\GitHub\Projectxxxx\pics" created succesfuly
2019-01-24 06:21:59,858 - pythonprojcreator - DEBUG - Exit program
2019-01-24 06:22:35,954 - pythonprojcreator - DEBUG - Start program
2019-01-24 06:22:40,731 - pythonprojcreator - DEBUG - Target folder: C:\Users\Felhasználó\Documents\GitHub\Projectxxx
2019-01-24 06:22:40,732 - pythonprojcreator - DEBUG - Folder "C:\Users\Felhasználó\Documents\GitHub\Projectxxx" created succesfuly
2019-01-24 06:22:40,732 - pythonprojcreator - DEBUG - Target folder: C:\Users\Felhasználó\Documents\GitHub\Projectxxx\i18n
2019-01-24 06:22:40,732 - pythonprojcreator - DEBUG - Folder "C:\Users\Felhasználó\Documents\GitHub\Projectxxx\i18n" created succesfuly
2019-01-24 06:22:40,732 - pythonprojcreator - DEBUG - Target folder: C:\Users\Felhasználó\Documents\GitHub\Projectxxx\ui
2019-01-24 06:22:40,732 - pythonprojcreator - DEBUG - Folder "C:\Users\Felhasználó\Documents\GitHub\Projectxxx\ui" created succesfuly
2019-01-24 06:22:40,733 - pythonprojcreator - DEBUG - Target folder: C:\Users\Felhasználó\Documents\GitHub\Projectxxx\pics
2019-01-24 06:22:40,733 - pythonprojcreator - DEBUG - Folder "C:\Users\Felhasználó\Documents\GitHub\Projectxxx\pics" created succesfuly
2019-01-24 06:22:40,742 - pythonprojcreator - DEBUG - Target folder: C:\Users\Felhasználó\Documents\GitHub\Projectxxx
2019-01-24 06:22:40,742 - pythonprojcreator - DEBUG - Folder "C:\Users\Felhasználó\Documents\GitHub\Projectxxx" already exists
2019-01-24 06:22:40,746 - pythonprojcreator - DEBUG - PyQt-main file projectxxx.py created
2019-01-24 06:23:14,050 - pythonprojcreator - DEBUG - Exit program
2019-01-24 06:24:23,659 - pythonprojcreator - DEBUG - Start program
2019-01-24 06:24:30,235 - pythonprojcreator - DEBUG - Target folder: C:\Users\Felhasználó\Documents\GitHub\Projectxcxc
2019-01-24 06:24:30,235 - pythonprojcreator - DEBUG - Folder "C:\Users\Felhasználó\Documents\GitHub\Projectxcxc" created succesfuly
2019-01-24 06:24:30,236 - pythonprojcreator - DEBUG - Target folder: C:\Users\Felhasználó\Documents\GitHub\Projectxcxc\i18n
2019-01-24 06:24:30,236 - pythonprojcreator - DEBUG - Folder "C:\Users\Felhasználó\Documents\GitHub\Projectxcxc\i18n" created succesfuly
2019-01-24 06:24:30,236 - pythonprojcreator - DEBUG - Target folder: C:\Users\Felhasználó\Documents\GitHub\Projectxcxc\ui
2019-01-24 06:24:30,236 - pythonprojcreator - DEBUG - Folder "C:\Users\Felhasználó\Documents\GitHub\Projectxcxc\ui" created succesfuly
2019-01-24 06:24:30,236 - pythonprojcreator - DEBUG - Target folder: C:\Users\Felhasználó\Documents\GitHub\Projectxcxc\pics
2019-01-24 06:24:30,237 - pythonprojcreator - DEBUG - Folder "C:\Users\Felhasználó\Documents\GitHub\Projectxcxc\pics" created succesfuly
2019-01-24 06:24:30,243 - pythonprojcreator - DEBUG - Target folder: C:\Users\Felhasználó\Documents\GitHub\Projectxcxc
2019-01-24 06:24:30,243 - pythonprojcreator - DEBUG - Folder "C:\Users\Felhasználó\Documents\GitHub\Projectxcxc" already exists
2019-01-24 06:24:30,246 - pythonprojcreator - DEBUG - PyQt-main file projectxcxc.py created
2019-01-24 06:25:38,941 - pythonprojcreator - DEBUG - Exit program
2019-01-24 06:25:43,408 - pythonprojcreator - DEBUG - Start program
2019-01-24 06:25:49,774 - pythonprojcreator - DEBUG - Target folder: C:\Users\Felhasználó\Documents\GitHub\Projectvbvbvb
2019-01-24 06:25:49,775 - pythonprojcreator - DEBUG - Folder "C:\Users\Felhasználó\Documents\GitHub\Projectvbvbvb" created succesfuly
2019-01-24 06:25:49,775 - pythonprojcreator - DEBUG - Target folder: C:\Users\Felhasználó\Documents\GitHub\Projectvbvbvb\i18n
2019-01-24 06:25:49,775 - pythonprojcreator - DEBUG - Folder "C:\Users\Felhasználó\Documents\GitHub\Projectvbvbvb\i18n" created succesfuly
2019-01-24 06:25:49,775 - pythonprojcreator - DEBUG - Target folder: C:\Users\Felhasználó\Documents\GitHub\Projectvbvbvb\ui
2019-01-24 06:25:49,775 - pythonprojcreator - DEBUG - Folder "C:\Users\Felhasználó\Documents\GitHub\Projectvbvbvb\ui" created succesfuly
2019-01-24 06:25:49,776 - pythonprojcreator - DEBUG - Target folder: C:\Users\Felhasználó\Documents\GitHub\Projectvbvbvb\pics
2019-01-24 06:25:49,776 - pythonprojcreator - DEBUG - Folder "C:\Users\Felhasználó\Documents\GitHub\Projectvbvbvb\pics" created succesfuly
2019-01-24 06:25:49,783 - pythonprojcreator - DEBUG - Target folder: C:\Users\Felhasználó\Documents\GitHub\Projectvbvbvb
2019-01-24 06:25:49,783 - pythonprojcreator - DEBUG - Folder "C:\Users\Felhasználó\Documents\GitHub\Projectvbvbvb" already exists
2019-01-24 06:25:49,787 - pythonprojcreator - DEBUG - PyQt-main file projectvbvbvb.py created
2019-01-24 06:26:02,357 - pythonprojcreator - DEBUG - Exit program
2019-01-24 06:41:39,948 - pythonprojcreator - DEBUG - Start program
2019-01-24 06:41:47,651 - pythonprojcreator - DEBUG - Target folder: C:\Users\Felhasználó\Documents\GitHub\Projectwww
2019-01-24 06:41:47,651 - pythonprojcreator - DEBUG - Folder "C:\Users\Felhasználó\Documents\GitHub\Projectwww" created succesfuly
2019-01-24 06:41:47,652 - pythonprojcreator - DEBUG - Target folder: C:\Users\Felhasználó\Documents\GitHub\Projectwww\i18n
2019-01-24 06:41:47,652 - pythonprojcreator - DEBUG - Folder "C:\Users\Felhasználó\Documents\GitHub\Projectwww\i18n" created succesfuly
2019-01-24 06:41:47,652 - pythonprojcreator - DEBUG - Target folder: C:\Users\Felhasználó\Documents\GitHub\Projectwww\ui
2019-01-24 06:41:47,652 - pythonprojcreator - DEBUG - Folder "C:\Users\Felhasználó\Documents\GitHub\Projectwww\ui" created succesfuly
2019-01-24 06:41:47,652 - pythonprojcreator - DEBUG - Target folder: C:\Users\Felhasználó\Documents\GitHub\Projectwww\pics
2019-01-24 06:41:47,653 - pythonprojcreator - DEBUG - Folder "C:\Users\Felhasználó\Documents\GitHub\Projectwww\pics" created succesfuly
2019-01-24 06:41:47,662 - pythonprojcreator - DEBUG - Target folder: C:\Users\Felhasználó\Documents\GitHub\Projectwww
2019-01-24 06:41:47,662 - pythonprojcreator - DEBUG - Folder "C:\Users\Felhasználó\Documents\GitHub\Projectwww" already exists
2019-01-24 06:41:47,666 - pythonprojcreator - DEBUG - PyQt-main file projectwww.py created
2019-01-24 08:36:06,641 - pythonprojcreator - DEBUG - Exit program
2019-01-24 08:36:16,983 - pythonprojcreator - DEBUG - Start program
2019-01-24 08:36:24,842 - pythonprojcreator - DEBUG - Target folder: C:\Users\Felhasználó\Documents\GitHub\Projectqaqa
2019-01-24 08:36:24,843 - pythonprojcreator - DEBUG - Folder "C:\Users\Felhasználó\Documents\GitHub\Projectqaqa" created succesfuly
2019-01-24 08:36:24,843 - pythonprojcreator - DEBUG - Target folder: C:\Users\Felhasználó\Documents\GitHub\Projectqaqa\i18n
2019-01-24 08:36:24,843 - pythonprojcreator - DEBUG - Folder "C:\Users\Felhasználó\Documents\GitHub\Projectqaqa\i18n" created succesfuly
2019-01-24 08:36:24,843 - pythonprojcreator - DEBUG - Target folder: C:\Users\Felhasználó\Documents\GitHub\Projectqaqa\ui
2019-01-24 08:36:24,843 - pythonprojcreator - DEBUG - Folder "C:\Users\Felhasználó\Documents\GitHub\Projectqaqa\ui" created succesfuly
2019-01-24 08:36:24,844 - pythonprojcreator - DEBUG - Target folder: C:\Users\Felhasználó\Documents\GitHub\Projectqaqa\pics
2019-01-24 08:36:24,844 - pythonprojcreator - DEBUG - Folder "C:\Users\Felhasználó\Documents\GitHub\Projectqaqa\pics" created succesfuly
2019-01-24 08:36:24,861 - pythonprojcreator - DEBUG - PyQt-main file projectqaqa.py created
2019-01-24 08:46:15,482 - pythonprojcreator - DEBUG - Exit program
